<?xml version="1.0" encoding="UTF-8"?>
<!-- Generated by org.testng.reporters.JUnitReportReporter -->
<testsuite hostname="virus_backdoor" name="Login" tests="1" failures="0" timestamp="9 Feb 2014 21:37:33 GMT" time="36.019" errors="0">
  <testcase name="loginAction" time="36.019" classname="Login"/>
</testsuite> <!-- Login -->
