<?xml version="1.0" encoding="UTF-8"?>
<!-- Generated by org.testng.reporters.JUnitReportReporter -->
<testsuite hostname="virus_backdoor" name="Pricing" tests="1" failures="0" timestamp="9 Feb 2014 07:44:04 GMT" time="15.734" errors="0">
  <testcase name="testPricingPage" time="15.734" classname="Pricing"/>
</testsuite> <!-- Pricing -->
