<?xml version="1.0" encoding="UTF-8"?>
<!-- Generated by org.testng.reporters.JUnitReportReporter -->
<testsuite hostname="virus_backdoor" name="Login" tests="1" failures="0" timestamp="10 Feb 2014 10:54:09 GMT" time="39.169" errors="0">
  <testcase name="loginAction" time="39.169" classname="Login"/>
</testsuite> <!-- Login -->
